#
# There is insufficient memory for the Java Runtime Environment to continue.
# Native memory allocation (mmap) failed to map 266338304 bytes for G1 virtual space
# Possible reasons:
#   The system is out of physical RAM or swap space
#   The process is running with CompressedOops enabled, and the Java Heap may be blocking the growth of the native heap
# Possible solutions:
#   Reduce memory load on the system
#   Increase physical memory or swap space
#   Check if swap backing store is full
#   Decrease Java heap size (-Xmx/-Xms)
#   Decrease number of Java threads
#   Decrease Java thread stack sizes (-Xss)
#   Set larger code cache with -XX:ReservedCodeCacheSize=
#   JVM is running with Zero Based Compressed Oops mode in which the Java heap is
#     placed in the first 32GB address space. The Java Heap base address is the
#     maximum limit for the native heap growth. Please use -XX:HeapBaseMinAddress
#     to set the Java Heap base and to place the Java Heap above 32GB virtual address.
# This output file may be truncated or incomplete.
#
#  Out of Memory Error (os_windows.cpp:3600), pid=11740, tid=12760
#
# JRE version:  (21.0.4+8) (build )
# Java VM: Java HotSpot(TM) 64-Bit Server VM (21.0.4+8-LTS-274, mixed mode, sharing, tiered, compressed oops, compressed class ptrs, g1 gc, windows-amd64)
# No core dump will be written. Minidumps are not enabled by default on client versions of Windows
#

---------------  S U M M A R Y ------------

Command Line: 

Host: Intel(R) Core(TM) i5-8365U CPU @ 1.60GHz, 8 cores, 15G,  Windows 10 , 64 bit Build 19041 (10.0.19041.4717)
Time: Tue Sep  3 10:21:26 2024 India Standard Time elapsed time: 0.054933 seconds (0d 0h 0m 0s)

---------------  T H R E A D  ---------------

Current thread (0x00000246e9cd3900):  JavaThread "Unknown thread" [_thread_in_vm, id=12760, stack(0x000000a60b500000,0x000000a60b600000) (1024K)]

Stack: [0x000000a60b500000,0x000000a60b600000]
Native frames: (J=compiled Java code, j=interpreted, Vv=VM code, C=native code)
V  [jvm.dll+0x6c8e59]
V  [jvm.dll+0x853181]
V  [jvm.dll+0x8556ae]
V  [jvm.dll+0x855d83]
V  [jvm.dll+0x27d526]
V  [jvm.dll+0x6c55f5]
V  [jvm.dll+0x6ba17a]
V  [jvm.dll+0x352a8a]
V  [jvm.dll+0x35a6e6]
V  [jvm.dll+0x3acdae]
V  [jvm.dll+0x3ad058]
V  [jvm.dll+0x326dec]
V  [jvm.dll+0x32794b]
V  [jvm.dll+0x81c569]
V  [jvm.dll+0x3b9a11]
V  [jvm.dll+0x805948]
V  [jvm.dll+0x44ec5e]
V  [jvm.dll+0x450851]
C  [jli.dll+0x52a3]
C  [ucrtbase.dll+0x21bb2]
C  [KERNEL32.DLL+0x17374]
C  [ntdll.dll+0x4cc91]


---------------  P R O C E S S  ---------------

Threads class SMR info:
_java_thread_list=0x00007fff065d6c08, length=0, elements={
}

Java Threads: ( => current thread )
Total: 0

Other Threads:
  0x00000246e9d31010 WorkerThread "GC Thread#0"                     [id=1644, stack(0x000000a60b600000,0x000000a60b700000) (1024K)]
  0x00000246e9d41b90 ConcurrentGCThread "G1 Main Marker"            [id=12896, stack(0x000000a60b700000,0x000000a60b800000) (1024K)]
  0x00000246e9d425a0 WorkerThread "G1 Conc#0"                       [id=12220, stack(0x000000a60b800000,0x000000a60b900000) (1024K)]

[error occurred during error reporting (printing all threads), id 0xc0000005, EXCEPTION_ACCESS_VIOLATION (0xc0000005) at pc=0x00007fff05d49577]
VM state: not at safepoint (not fully initialized)

VM Mutex/Monitor currently owned by a thread:  ([mutex/lock_event])
[0x00007fff06647f98] Heap_lock - owner thread: 0x00000246e9cd3900

Heap address: 0x0000000703600000, size: 4042 MB, Compressed Oops mode: Zero based, Oop shift amount: 3

CDS archive(s) mapped at: [0x0000000000000000-0x0000000000000000-0x0000000000000000), size 0, SharedBaseAddress: 0x0000000800000000, ArchiveRelocationMode: 1.
Narrow klass base: 0x0000000000000000, Narrow klass shift: 0, Narrow klass range: 0x0

GC Precious Log:
 CardTable entry size: 512
 Card Set container configuration: InlinePtr #cards 4 size 8 Array Of Cards #cards 16 size 48 Howl #buckets 8 coarsen threshold 3686 Howl Bitmap #cards 512 size 80 coarsen threshold 460 Card regions per heap region 1 cards per card region 4096

Heap:
 garbage-first heap   total 0K, used 0K [0x0000000703600000, 0x0000000800000000)
  region size 2048K, 0 young (0K), 0 survivors (0K)

[error occurred during error reporting (printing heap information), id 0xc0000005, EXCEPTION_ACCESS_VIOLATION (0xc0000005) at pc=0x00007fff06131df9]
GC Heap History (0 events):
No events

Dll operation events (1 events):
Event: 0.022 Loaded shared library C:\Program Files\Java\jdk-21\bin\java.dll

Deoptimization events (0 events):
No events

Classes loaded (0 events):
No events

Classes unloaded (0 events):
No events

Classes redefined (0 events):
No events

Internal exceptions (0 events):
No events

ZGC Phase Switch (0 events):
No events

VM Operations (0 events):
No events

Events (0 events):
No events


Dynamic libraries:
0x00007ff65b530000 - 0x00007ff65b540000 	C:\Program Files\Java\jdk-21\bin\java.exe
0x00007fff5f350000 - 0x00007fff5f548000 	C:\Windows\SYSTEM32\ntdll.dll
0x00007fff5e470000 - 0x00007fff5e531000 	C:\Windows\System32\KERNEL32.DLL
0x00007fff5ccb0000 - 0x00007fff5cfad000 	C:\Windows\System32\KERNELBASE.dll
0x00007fff5d160000 - 0x00007fff5d260000 	C:\Windows\System32\ucrtbase.dll
0x00007fff40800000 - 0x00007fff4081b000 	C:\Program Files\Java\jdk-21\bin\VCRUNTIME140.dll
0x00007fff3fd10000 - 0x00007fff3fd29000 	C:\Program Files\Java\jdk-21\bin\jli.dll
0x00007fff5d380000 - 0x00007fff5d430000 	C:\Windows\System32\ADVAPI32.dll
0x00007fff5e540000 - 0x00007fff5e5de000 	C:\Windows\System32\msvcrt.dll
0x00007fff5edd0000 - 0x00007fff5ee70000 	C:\Windows\System32\sechost.dll
0x00007fff5da00000 - 0x00007fff5db23000 	C:\Windows\System32\RPCRT4.dll
0x00007fff5d090000 - 0x00007fff5d0b7000 	C:\Windows\System32\bcrypt.dll
0x00007fff5de50000 - 0x00007fff5dfed000 	C:\Windows\System32\USER32.dll
0x00007fff43bf0000 - 0x00007fff43e8a000 	C:\Windows\WinSxS\amd64_microsoft.windows.common-controls_6595b64144ccf1df_6.0.19041.4355_none_60b8b9eb71f62e16\COMCTL32.dll
0x00007fff5cc10000 - 0x00007fff5cc32000 	C:\Windows\System32\win32u.dll
0x00007fff5dc10000 - 0x00007fff5dc3b000 	C:\Windows\System32\GDI32.dll
0x00007fff5d260000 - 0x00007fff5d377000 	C:\Windows\System32\gdi32full.dll
0x00007fff5d0c0000 - 0x00007fff5d15d000 	C:\Windows\System32\msvcp_win.dll
0x00007fff4de10000 - 0x00007fff4de1a000 	C:\Windows\SYSTEM32\VERSION.dll
0x00007fff5db30000 - 0x00007fff5db5f000 	C:\Windows\System32\IMM32.DLL
0x00007fff455d0000 - 0x00007fff455dc000 	C:\Program Files\Java\jdk-21\bin\vcruntime140_1.dll
0x00007fff2ea30000 - 0x00007fff2eabe000 	C:\Program Files\Java\jdk-21\bin\msvcp140.dll
0x00007fff05a10000 - 0x00007fff06723000 	C:\Program Files\Java\jdk-21\bin\server\jvm.dll
0x00007fff5d990000 - 0x00007fff5d9fb000 	C:\Windows\System32\WS2_32.dll
0x00007fff5c370000 - 0x00007fff5c3bb000 	C:\Windows\SYSTEM32\POWRPROF.dll
0x00007fff44d40000 - 0x00007fff44d67000 	C:\Windows\SYSTEM32\WINMM.dll
0x00007fff5c350000 - 0x00007fff5c362000 	C:\Windows\SYSTEM32\UMPDC.dll
0x00007fff5b1d0000 - 0x00007fff5b1e2000 	C:\Windows\SYSTEM32\kernel.appcore.dll
0x00007fff44c80000 - 0x00007fff44c8a000 	C:\Program Files\Java\jdk-21\bin\jimage.dll
0x00007fff5a590000 - 0x00007fff5a774000 	C:\Windows\SYSTEM32\DBGHELP.DLL
0x00007fff4e090000 - 0x00007fff4e0c4000 	C:\Windows\SYSTEM32\dbgcore.DLL
0x00007fff5cfb0000 - 0x00007fff5d032000 	C:\Windows\System32\bcryptPrimitives.dll
0x00007fff3f550000 - 0x00007fff3f56f000 	C:\Program Files\Java\jdk-21\bin\java.dll

dbghelp: loaded successfully - version: 4.0.5 - missing functions: none
symbol engine: initialized successfully - sym options: 0x614 - pdb path: .;C:\Program Files\Java\jdk-21\bin;C:\Windows\SYSTEM32;C:\Windows\WinSxS\amd64_microsoft.windows.common-controls_6595b64144ccf1df_6.0.19041.4355_none_60b8b9eb71f62e16;C:\Program Files\Java\jdk-21\bin\server

VM Arguments:
java_command: <unknown>
java_class_path (initial): <not set>
Launcher Type: SUN_STANDARD

[Global flags]
     intx CICompilerCount                          = 4                                         {product} {ergonomic}
     uint ConcGCThreads                            = 2                                         {product} {ergonomic}
     uint G1ConcRefinementThreads                  = 8                                         {product} {ergonomic}
   size_t G1HeapRegionSize                         = 2097152                                   {product} {ergonomic}
    uintx GCDrainStackTargetSize                   = 64                                        {product} {ergonomic}
   size_t InitialHeapSize                          = 266338304                                 {product} {ergonomic}
   size_t MarkStackSize                            = 4194304                                   {product} {ergonomic}
   size_t MaxHeapSize                              = 4238344192                                {product} {ergonomic}
   size_t MinHeapDeltaBytes                        = 2097152                                   {product} {ergonomic}
   size_t MinHeapSize                              = 8388608                                   {product} {ergonomic}
    uintx NonNMethodCodeHeapSize                   = 5839372                                {pd product} {ergonomic}
    uintx NonProfiledCodeHeapSize                  = 122909434                              {pd product} {ergonomic}
    uintx ProfiledCodeHeapSize                     = 122909434                              {pd product} {ergonomic}
    uintx ReservedCodeCacheSize                    = 251658240                              {pd product} {ergonomic}
     bool SegmentedCodeCache                       = true                                      {product} {ergonomic}
   size_t SoftMaxHeapSize                          = 4238344192                             {manageable} {ergonomic}
     bool UseCompressedOops                        = true                           {product lp64_product} {ergonomic}
     bool UseG1GC                                  = true                                      {product} {ergonomic}
     bool UseLargePagesIndividualAllocation        = false                                  {pd product} {ergonomic}

Logging:
Log output configuration:
 #0: stdout all=warning uptime,level,tags foldmultilines=false
 #1: stderr all=off uptime,level,tags foldmultilines=false

Environment Variables:
PATH=C:\Manoj\Assignment\chatapp\node_modules\.bin;C:\Manoj\Assignment\chatapp\node_modules\.bin;C:\Manoj\Assignment\node_modules\.bin;C:\Manoj\node_modules\.bin;C:\node_modules\.bin;C:\Users\Manoj\AppData\Roaming\npm\node_modules\npm\node_modules\@npmcli\run-script\lib\node-gyp-bin;C:\Manoj\Assignment\chatapp\node_modules\.bin;C:\Manoj\Assignment\chatapp\node_modules\.bin;C:\Manoj\Assignment\node_modules\.bin;C:\Manoj\node_modules\.bin;C:\node_modules\.bin;C:\Users\Manoj\AppData\Roaming\npm\node_modules\npm\node_modules\@npmcli\run-script\lib\node-gyp-bin;C:\Program Files\Common Files\Oracle\Java\javapath;C:\Python312\Scripts\;C:\Python312\;C:\Windows\system32;C:\Windows;C:\Windows\System32\Wbem;C:\Windows\System32\WindowsPowerShell\v1.0\;C:\Windows\System32\OpenSSH\;C:\Program Files\nodejs\;C:\ProgramData\chocolatey\bin;C:\Users\Manoj\AppData\Local\Android\Sdk\platform-tools;C:\Program Files\Java\jdk-21\bin;C:\Program Files\MongoDB\Server\7.0\bin;C:\Program Files\Git\cmd;C:\Users\Manoj\AppData\Local\Microsoft\WindowsApps;C:\Users\Manoj\AppData\Local\Programs\Microsoft VS Code\bin;C:\Users\Manoj\AppData\Roaming\npm
USERNAME=Manoj
LANG=en_US.UTF-8
OS=Windows_NT
PROCESSOR_IDENTIFIER=Intel64 Family 6 Model 142 Stepping 12, GenuineIntel
TMP=C:\Users\Manoj\AppData\Local\Temp
TEMP=C:\Users\Manoj\AppData\Local\Temp




Periodic native trim disabled

---------------  S Y S T E M  ---------------

OS:
 Windows 10 , 64 bit Build 19041 (10.0.19041.4717)
OS uptime: 3 days 16:18 hours
Hyper-V role detected

CPU: total 8 (initial active 8) (4 cores per cpu, 2 threads per core) family 6 model 142 stepping 12 microcode 0xf8, cx8, cmov, fxsr, ht, mmx, 3dnowpref, sse, sse2, sse3, ssse3, sse4.1, sse4.2, popcnt, lzcnt, tsc, tscinvbit, avx, avx2, aes, erms, clmul, bmi1, bmi2, adx, fma, vzeroupper, clflush, clflushopt, hv, rdtscp, f16c
Processor Information for all 8 processors :
  Max Mhz: 1896, Current Mhz: 1596, Mhz Limit: 1592

Memory: 4k page, system-wide physical 16162M (545M free)
TotalPageFile size 46608M (AvailPageFile size 54M)
current process WorkingSet (physical memory assigned to process): 10M, peak: 10M
current process commit charge ("private bytes"): 60M, peak: 314M

vm_info: Java HotSpot(TM) 64-Bit Server VM (21.0.4+8-LTS-274) for windows-amd64 JRE (21.0.4+8-LTS-274), built on 2024-06-05T05:23:33Z by "mach5one" with MS VC++ 17.6 (VS2022)

END.
